09/03/2024 00:24:39: Loading configurations...
09/03/2024 00:24:44: Starting...
09/03/2024 00:25:17: Fetching...
09/03/2024 00:25:20: 2 : https://twitter.com/BLASTPremier/status/1766245010985644337
09/03/2024 00:25:21: 3 : https://twitter.com/BLASTPremier/status/1766225065723523213
09/03/2024 00:25:21: 4 : https://twitter.com/BLASTPremier/status/1766219267022733616
09/03/2024 00:25:21: 5 : https://twitter.com/BLASTPremier/status/1766218287329812750
09/03/2024 00:28:39: 6 : https://twitter.com/BLASTPremier/status/1766217739302011087
09/03/2024 00:28:39: Saving...
09/03/2024 00:29:26: Loading configurations...
09/03/2024 00:29:30: Starting...
09/03/2024 00:29:42: Fetching...
09/03/2024 00:29:44: 2 : https://twitter.com/WisdenIndia/status/1611349828352770049
09/03/2024 00:29:44: 3 : https://twitter.com/imVkohli/status/1463008093839650818
09/03/2024 00:29:44: 4 : https://twitter.com/imVkohli/status/1463748453020831753
09/03/2024 00:31:48: 5 : https://twitter.com/imVkohli/status/1464117795923185667
09/03/2024 00:31:48: 6 : https://twitter.com/imVkohli/status/1464941169410854919
09/03/2024 00:31:48: Saving...
09/03/2024 00:33:39: Loading configurations...
09/03/2024 00:33:43: Starting...
09/03/2024 00:34:13: Fetching...
09/03/2024 00:34:15: 2 : https://twitter.com/dbfw_cardgameEN/status/1766026280791834758
09/03/2024 00:34:15: 3 : https://twitter.com/dbfw_cardgameEN/status/1765724082958639221
09/03/2024 00:39:03: 4 : https://twitter.com/dbfw_cardgameEN/status/1765651673878585709
09/03/2024 00:39:03: Saving...
09/03/2024 00:39:20: Loading configurations...
09/03/2024 00:39:24: Starting...
09/03/2024 00:40:29: Loading configurations...
09/03/2024 00:40:34: Starting...
09/03/2024 00:40:48: Loading configurations...
09/03/2024 00:40:51: Starting...
09/03/2024 00:41:05: Fetching...
09/03/2024 00:41:08: 2 : https://twitter.com/SLOplays/status/1766270894014337478
09/03/2024 00:41:08: 3 : https://twitter.com/AceLewdArts/status/1766260698383024604
09/03/2024 00:41:08: 4 : https://twitter.com/SLOplays/status/1766252443652731325
09/03/2024 00:41:08: 5 : https://twitter.com/OniFox97/status/1766250376158744617
09/03/2024 00:41:08: Saving...
09/03/2024 00:42:15: Loading configurations...
09/03/2024 00:42:19: Starting...
09/03/2024 00:42:30: Fetching...
09/03/2024 00:42:32: 2 : https://twitter.com/HLTVorg/status/1766229046159901170
09/03/2024 00:42:33: 3 : https://twitter.com/HLTVorg/status/1766227303028162701
09/03/2024 00:42:33: 4 : https://twitter.com/HLTVorg/status/1766218762997375098
09/03/2024 00:42:33: Saving...
09/03/2024 00:42:54: Loading configurations...
09/03/2024 00:42:58: Starting...
09/03/2024 01:23:53: Loading configurations...
09/03/2024 01:23:57: Starting...
09/03/2024 01:24:27: Fetching...
09/03/2024 01:24:29: 2 : https://twitter.com/panixcs/status/1766156402693652722
09/03/2024 01:24:29: 3 : https://twitter.com/panixcs/status/1764985943675600906
09/03/2024 01:24:29: 4 : https://twitter.com/panixcs/status/1764985963799851028
09/03/2024 01:24:29: 5 : https://twitter.com/panixcs/status/1764700192761086236
09/03/2024 01:24:29: Saving...
09/03/2024 19:19:27: Loading configurations...
09/03/2024 19:19:32: Starting...
09/03/2024 19:19:32: Fetching...
09/03/2024 19:19:34: 2 : https://twitter.com/imVkohli/status/1762032712708390993
09/03/2024 19:19:34: 3 : https://twitter.com/imVkohli/status/1759962813626491369
09/03/2024 19:19:35: 4 : https://twitter.com/imVkohli/status/1748941385972293903
09/03/2024 19:19:35: 5 : https://twitter.com/imVkohli/status/1745664399191273793
09/03/2024 19:19:35: 6 : https://twitter.com/imVkohli/status/1745000022838497345
09/03/2024 19:19:35: Saving...
09/03/2024 19:25:18: Loading configurations...
09/03/2024 19:25:22: Starting...
09/03/2024 19:25:23: Fetching...
09/03/2024 19:25:24: 2 : https://twitter.com/imVkohli/status/1762032712708390993
09/03/2024 19:25:24: 3 : https://twitter.com/imVkohli/status/1759962813626491369
09/03/2024 19:25:26: 4 : https://twitter.com/imVkohli/status/1748941385972293903
09/03/2024 19:25:26: 5 : https://twitter.com/imVkohli/status/1745664399191273793
09/03/2024 19:25:26: 6 : https://twitter.com/imVkohli/status/1745000022838497345
09/03/2024 19:25:26: 7 : https://twitter.com/imVkohli/status/1736612252147450331
09/03/2024 19:25:26: 8 : https://twitter.com/imVkohli/status/1734800313255899518
09/03/2024 19:25:27: 9 : https://twitter.com/imVkohli/status/1734479723059917189
09/03/2024 19:25:27: 10 : https://twitter.com/imVkohli/status/1734438684123107507
09/03/2024 19:25:27: 11 : https://twitter.com/imVkohli/status/1734075540796231937
09/03/2024 19:25:27: Saving...
09/03/2024 20:50:30: Loading configurations...
09/03/2024 20:50:35: Starting...
09/03/2024 20:50:35: Fetching...
09/03/2024 20:50:37: 2 : https://twitter.com/imVkohli/status/1762032712708390993
09/03/2024 20:50:37: 3 : https://twitter.com/imVkohli/status/1759962813626491369
09/03/2024 20:50:38: 4 : https://twitter.com/imVkohli/status/1748941385972293903
09/03/2024 20:50:38: 5 : https://twitter.com/imVkohli/status/1745664399191273793
09/03/2024 20:50:38: 6 : https://twitter.com/imVkohli/status/1745000022838497345
09/03/2024 20:52:51: Loading configurations...
09/03/2024 20:52:55: Starting...
09/03/2024 20:52:55: Fetching...
09/03/2024 20:52:57: 2 : https://twitter.com/imVkohli/status/1762032712708390993
09/03/2024 20:52:57: 3 : https://twitter.com/imVkohli/status/1759962813626491369
09/03/2024 20:52:58: 4 : https://twitter.com/imVkohli/status/1748941385972293903
09/03/2024 20:52:58: 5 : https://twitter.com/imVkohli/status/1745664399191273793
09/03/2024 20:52:58: 6 : https://twitter.com/imVkohli/status/1745000022838497345
09/03/2024 20:52:58: 7 : https://twitter.com/imVkohli/status/1736612252147450331
09/03/2024 20:52:58: 8 : https://twitter.com/imVkohli/status/1734800313255899518
09/03/2024 20:53:00: 9 : https://twitter.com/imVkohli/status/1734479723059917189
09/03/2024 20:53:00: 10 : https://twitter.com/imVkohli/status/1734438684123107507
09/03/2024 20:53:00: 11 : https://twitter.com/imVkohli/status/1734075540796231937
09/03/2024 20:53:00: Saving...
13/03/2024 03:36:45: Loading configurations...
13/03/2024 03:36:51: Starting...
13/03/2024 03:36:52: Fetching...
13/03/2024 03:36:54: 2 : https://twitter.com/ayeejuju/status/1767765025857642635
13/03/2024 03:36:55: 3 : https://twitter.com/ayeejuju/status/1767719876372939211
13/03/2024 03:36:55: 4 : https://twitter.com/ayeejuju/status/1767693354941460652
13/03/2024 03:36:55: 5 : https://twitter.com/ayeejuju/status/1767672804986765399
13/03/2024 03:36:57: 6 : https://twitter.com/ayeejuju/status/1767662008177172589
13/03/2024 03:36:57: Saving...
13/03/2024 03:58:27: Loading configurations...
13/03/2024 03:58:33: Starting...
13/03/2024 03:58:33: Fetching...
13/03/2024 04:08:51: Loading configurations...
13/03/2024 04:08:55: Starting...
13/03/2024 04:08:55: Fetching...
13/03/2024 04:08:58: 2 : https://twitter.com/ayeejuju/status/1767765025857642635
13/03/2024 04:08:59: 3 : https://twitter.com/ayeejuju/status/1767719876372939211
13/03/2024 04:08:59: 4 : https://twitter.com/ayeejuju/status/1767693354941460652
13/03/2024 04:08:59: 5 : https://twitter.com/ayeejuju/status/1767672804986765399
13/03/2024 04:09:00: 6 : https://twitter.com/ayeejuju/status/1767662008177172589
13/03/2024 04:09:00: Saving...
13/03/2024 04:13:09: Loading configurations...
13/03/2024 04:13:13: Starting...
13/03/2024 04:13:14: Fetching...
13/03/2024 04:13:15: 2 : https://twitter.com/imVkohli/status/1762032712708390993
13/03/2024 04:13:15: 3 : https://twitter.com/imVkohli/status/1759962813626491369
13/03/2024 04:13:16: 4 : https://twitter.com/imVkohli/status/1748941385972293903
13/03/2024 04:13:16: 5 : https://twitter.com/imVkohli/status/1745664399191273793
13/03/2024 04:14:05: 6 : https://twitter.com/imVkohli/status/1745000022838497345
13/03/2024 04:14:05: Saving...
